
INFO  2018-02-20 10:38:02(JST) ==============================================================
INFO  2018-02-20 10:38:02(JST) = createUserlist: stable 1.0.0 (IBM Datacap)
INFO  2018-02-20 10:38:02(JST) =   Export GCI accounts list from ADLDS
INFO  2018-02-20 10:38:02(JST) =   Daily cleanup temporary scan files by WebTWAIN
INFO  2018-02-20 10:38:02(JST) ==============================================================
INFO  2018-02-20 10:38:02(JST) [app] The client started and connecting to ldap://localhost:389...
INFO  2018-02-20 10:38:02(JST) [app] ..
INFO  2018-02-20 10:38:02(JST) [app] ....
INFO  2018-02-20 10:38:02(JST) [app] ......
INFO  2018-02-20 10:38:02(JST) .
INFO  2018-02-20 10:38:02(JST) [app:init] Initializing...
WARN  2018-02-20 10:38:02(JST) [app:init] F:¥Script¥Appl¥assets¥userList¥!ALL - directory not found
INFO  2018-02-20 10:38:02(JST) [app:init] F:¥Script¥Appl¥assets¥userList¥!ALL - directory created
WARN  2018-02-20 10:38:02(JST) [app:init] F:¥Script¥Appl¥assets¥userList¥AKL - directory not found
INFO  2018-02-20 10:38:02(JST) [app:init] F:¥Script¥Appl¥assets¥userList¥AKL - directory created
WARN  2018-02-20 10:38:02(JST) [app:init] F:¥Script¥Appl¥assets¥userList¥GSOC - directory not found
INFO  2018-02-20 10:38:02(JST) [app:init] F:¥Script¥Appl¥assets¥userList¥GSOC - directory created
INFO  2018-02-20 10:38:02(JST) [app:init] Finished!
INFO  2018-02-20 10:38:02(JST) .
INFO  2018-02-20 10:38:02(JST) [app:connect] Client started and connecting to ldap://localhost:389...
INFO  2018-02-20 10:38:02(JST) [app:connect] Client connected to ldap server
INFO  2018-02-20 10:38:02(JST) [app:connect] Finished!
INFO  2018-02-20 10:38:02(JST) .
INFO  2018-02-20 10:38:02(JST) [app:crawler] Crawler generating...
INFO  2018-02-20 10:38:02(JST) [app:crawler] Crawler is searching entities...
INFO  2018-02-20 10:38:02(JST) [app:crawler] Total: 1000 entities found
INFO  2018-02-20 10:38:02(JST) [app:crawler] Finished!
INFO  2018-02-20 10:38:02(JST) .
INFO  2018-02-20 10:38:02(JST) [app:generic] arranging format...
INFO  2018-02-20 10:38:02(JST) [app:generic] ==> ALL user extracted (100 accounts)
INFO  2018-02-20 10:38:02(JST) [app:generic] ==> ALL user saving to... F:¥Script¥Appl¥assets¥userList¥!ALL
INFO  2018-02-20 10:38:02(JST) [app:generic] ==> ALL user saved
INFO  2018-02-20 10:38:02(JST) [app:generic] ==> system user list generated (100 accounts)
INFO  2018-02-20 10:38:02(JST) [app:generic] ==> system user saving to... F:¥Script¥Appl¥assets¥userList¥system
INFO  2018-02-20 10:38:02(JST) [app:generic] ==> system user saved
INFO  2018-02-20 10:38:02(JST) [app:generic] ==> SPR user list generated (100 accounts)
INFO  2018-02-20 10:38:02(JST) [app:generic] ==> SPR user saving to... F:¥Script¥Appl¥assets¥userList¥SPR
INFO  2018-02-20 10:38:02(JST) [app:generic] ==> SPR user saved
INFO  2018-02-20 10:38:02(JST) [app:generic] ==> VNM user list generated (100 accounts)
INFO  2018-02-20 10:38:02(JST) [app:generic] ==> VNM user saving to... F:¥Script¥Appl¥assets¥userList¥VNM
INFO  2018-02-20 10:38:02(JST) [app:generic] ==> VNM user saved
INFO  2018-02-20 10:38:02(JST) [app:generic] ==> TAI user list generated (100 accounts)
INFO  2018-02-20 10:38:02(JST) [app:generic] ==> TAI user saving to... F:¥Script¥Appl¥assets¥userList¥TAI
INFO  2018-02-20 10:38:02(JST) [app:generic] ==> TAI user saved
INFO  2018-02-20 10:38:02(JST) [app:generic] ==> AKL user list generated (100 accounts)
INFO  2018-02-20 10:38:02(JST) [app:generic] ==> AKL user saving to... F:¥Script¥Appl¥assets¥userList¥VNM
INFO  2018-02-20 10:38:02(JST) [app:generic] ==> AKL user saved
INFO  2018-02-20 10:38:02(JST) [app:generic] Finished!
INFO  2018-02-20 10:38:02(JST) .
INFO  2018-02-20 10:38:02(JST) [app:housekeep] Daily house keeping started
INFO  2018-02-20 10:38:02(JST) [app:housekeep] 100 directory found
INFO  2018-02-20 10:38:02(JST) [app:housekeep] cleaning... G:¥Datacap¥scan
INFO  2018-02-20 10:38:02(JST) [app:housekeep] Finished!
INFO  2018-02-20 10:38:02(JST) .
INFO  2018-02-20 10:38:02(JST) ...............
INFO  2018-02-20 10:38:02(JST) [app] return code 0
INFO  2018-02-20 10:38:02(JST) [app] Exit
